[2026-01-13 21:13:31] local.ERROR: Database file at path [/Users/lamnda/Documents/arquitecturaMicroServicios/LumenRatingsApi/database/ratings.sqlite] does not exist. Ensure this is an absolute path to the database. (Connection: sqlite, SQL: select name from sqlite_master where type = 'table' and name not like 'sqlite_%' order by name) {"exception":"[object] (Illuminate\\Database\\QueryException(code: 0): Database file at path [/Users/lamnda/Documents/arquitecturaMicroServicios/LumenRatingsApi/database/ratings.sqlite] does not exist. Ensure this is an absolute path to the database. (Connection: sqlite, SQL: select name from sqlite_master where type = 'table' and name not like 'sqlite_%' order by name) at /Users/lamnda/Documents/arquitecturaMicroServicios/LumenRatingsApi/vendor/illuminate/database/Connection.php:829)
[stacktrace]
#0 /Users/lamnda/Documents/arquitecturaMicroServicios/LumenRatingsApi/vendor/illuminate/database/Connection.php(783): Illuminate\\Database\\Connection->runQueryCallback('select name fro...', Array, Object(Closure))
#1 /Users/lamnda/Documents/arquitecturaMicroServicios/LumenRatingsApi/vendor/illuminate/database/Connection.php(414): Illuminate\\Database\\Connection->run('select name fro...', Array, Object(Closure))
#2 /Users/lamnda/Documents/arquitecturaMicroServicios/LumenRatingsApi/vendor/illuminate/database/Connection.php(401): Illuminate\\Database\\Connection->select('select name fro...', Array, false)
#3 /Users/lamnda/Documents/arquitecturaMicroServicios/LumenRatingsApi/vendor/illuminate/database/Schema/SQLiteBuilder.php(51): Illuminate\\Database\\Connection->selectFromWriteConnection('select name fro...')
#4 /Users/lamnda/Documents/arquitecturaMicroServicios/LumenRatingsApi/vendor/illuminate/database/Schema/Builder.php(165): Illuminate\\Database\\Schema\\SQLiteBuilder->getTables(false)
#5 /Users/lamnda/Documents/arquitecturaMicroServicios/LumenRatingsApi/vendor/illuminate/database/Migrations/DatabaseMigrationRepository.php(184): Illuminate\\Database\\Schema\\Builder->hasTable('migrations')
#6 /Users/lamnda/Documents/arquitecturaMicroServicios/LumenRatingsApi/vendor/illuminate/database/Migrations/Migrator.php(727): Illuminate\\Database\\Migrations\\DatabaseMigrationRepository->repositoryExists()
#7 /Users/lamnda/Documents/arquitecturaMicroServicios/LumenRatingsApi/vendor/illuminate/database/Console/Migrations/MigrateCommand.php(140): Illuminate\\Database\\Migrations\\Migrator->repositoryExists()
#8 /Users/lamnda/Documents/arquitecturaMicroServicios/LumenRatingsApi/vendor/illuminate/support/helpers.php(261): Illuminate\\Database\\Console\\Migrations\\MigrateCommand->{closure:Illuminate\\Database\\Console\\Migrations\\MigrateCommand::repositoryExists():140}(1)
#9 /Users/lamnda/Documents/arquitecturaMicroServicios/LumenRatingsApi/vendor/illuminate/database/Console/Migrations/MigrateCommand.php(140): retry(1, Object(Closure), 0, Object(Closure))
#10 /Users/lamnda/Documents/arquitecturaMicroServicios/LumenRatingsApi/vendor/illuminate/database/Console/Migrations/MigrateCommand.php(116): Illuminate\\Database\\Console\\Migrations\\MigrateCommand->repositoryExists()
#11 /Users/lamnda/Documents/arquitecturaMicroServicios/LumenRatingsApi/vendor/illuminate/database/Console/Migrations/MigrateCommand.php(84): Illuminate\\Database\\Console\\Migrations\\MigrateCommand->prepareDatabase()
#12 /Users/lamnda/Documents/arquitecturaMicroServicios/LumenRatingsApi/vendor/illuminate/database/Migrations/Migrator.php(641): Illuminate\\Database\\Console\\Migrations\\MigrateCommand->{closure:Illuminate\\Database\\Console\\Migrations\\MigrateCommand::handle():83}()
#13 /Users/lamnda/Documents/arquitecturaMicroServicios/LumenRatingsApi/vendor/illuminate/database/Console/Migrations/MigrateCommand.php(83): Illuminate\\Database\\Migrations\\Migrator->usingConnection(NULL, Object(Closure))
#14 /Users/lamnda/Documents/arquitecturaMicroServicios/LumenRatingsApi/vendor/illuminate/container/BoundMethod.php(36): Illuminate\\Database\\Console\\Migrations\\MigrateCommand->handle()
#15 /Users/lamnda/Documents/arquitecturaMicroServicios/LumenRatingsApi/vendor/illuminate/container/Util.php(41): Illuminate\\Container\\BoundMethod::{closure:Illuminate\\Container\\BoundMethod::call():35}()
#16 /Users/lamnda/Documents/arquitecturaMicroServicios/LumenRatingsApi/vendor/illuminate/container/BoundMethod.php(93): Illuminate\\Container\\Util::unwrapIfClosure(Object(Closure))
#17 /Users/lamnda/Documents/arquitecturaMicroServicios/LumenRatingsApi/vendor/illuminate/container/BoundMethod.php(35): Illuminate\\Container\\BoundMethod::callBoundMethod(Object(Laravel\\Lumen\\Application), Array, Object(Closure))
#18 /Users/lamnda/Documents/arquitecturaMicroServicios/LumenRatingsApi/vendor/illuminate/container/Container.php(662): Illuminate\\Container\\BoundMethod::call(Object(Laravel\\Lumen\\Application), Array, Array, NULL)
#19 /Users/lamnda/Documents/arquitecturaMicroServicios/LumenRatingsApi/vendor/illuminate/console/Command.php(211): Illuminate\\Container\\Container->call(Array)
#20 /Users/lamnda/Documents/arquitecturaMicroServicios/LumenRatingsApi/vendor/symfony/console/Command/Command.php(326): Illuminate\\Console\\Command->execute(Object(Symfony\\Component\\Console\\Input\\ArgvInput), Object(Illuminate\\Console\\OutputStyle))
#21 /Users/lamnda/Documents/arquitecturaMicroServicios/LumenRatingsApi/vendor/illuminate/console/Command.php(180): Symfony\\Component\\Console\\Command\\Command->run(Object(Symfony\\Component\\Console\\Input\\ArgvInput), Object(Illuminate\\Console\\OutputStyle))
#22 /Users/lamnda/Documents/arquitecturaMicroServicios/LumenRatingsApi/vendor/symfony/console/Application.php(1083): Illuminate\\Console\\Command->run(Object(Symfony\\Component\\Console\\Input\\ArgvInput), Object(Symfony\\Component\\Console\\Output\\ConsoleOutput))
#23 /Users/lamnda/Documents/arquitecturaMicroServicios/LumenRatingsApi/vendor/symfony/console/Application.php(324): Symfony\\Component\\Console\\Application->doRunCommand(Object(Illuminate\\Database\\Console\\Migrations\\MigrateCommand), Object(Symfony\\Component\\Console\\Input\\ArgvInput), Object(Symfony\\Component\\Console\\Output\\ConsoleOutput))
#24 /Users/lamnda/Documents/arquitecturaMicroServicios/LumenRatingsApi/vendor/symfony/console/Application.php(175): Symfony\\Component\\Console\\Application->doRun(Object(Symfony\\Component\\Console\\Input\\ArgvInput), Object(Symfony\\Component\\Console\\Output\\ConsoleOutput))
#25 /Users/lamnda/Documents/arquitecturaMicroServicios/LumenRatingsApi/vendor/laravel/lumen-framework/src/Console/Kernel.php(160): Symfony\\Component\\Console\\Application->run(Object(Symfony\\Component\\Console\\Input\\ArgvInput), Object(Symfony\\Component\\Console\\Output\\ConsoleOutput))
#26 /Users/lamnda/Documents/arquitecturaMicroServicios/LumenRatingsApi/artisan(35): Laravel\\Lumen\\Console\\Kernel->handle(Object(Symfony\\Component\\Console\\Input\\ArgvInput), Object(Symfony\\Component\\Console\\Output\\ConsoleOutput))
#27 {main}

[previous exception] [object] (Illuminate\\Database\\SQLiteDatabaseDoesNotExistException(code: 0): Database file at path [/Users/lamnda/Documents/arquitecturaMicroServicios/LumenRatingsApi/database/ratings.sqlite] does not exist. Ensure this is an absolute path to the database. at /Users/lamnda/Documents/arquitecturaMicroServicios/LumenRatingsApi/vendor/illuminate/database/Connectors/SQLiteConnector.php:34)
[stacktrace]
#0 /Users/lamnda/Documents/arquitecturaMicroServicios/LumenRatingsApi/vendor/illuminate/database/Connectors/ConnectionFactory.php(221): Illuminate\\Database\\Connectors\\SQLiteConnector->connect(Array)
#1 [internal function]: Illuminate\\Database\\Connectors\\ConnectionFactory->{closure:Illuminate\\Database\\Connectors\\ConnectionFactory::createPdoResolverWithoutHosts():221}()
#2 /Users/lamnda/Documents/arquitecturaMicroServicios/LumenRatingsApi/vendor/illuminate/database/Connection.php(1339): call_user_func(Object(Closure))
#3 /Users/lamnda/Documents/arquitecturaMicroServicios/LumenRatingsApi/vendor/illuminate/database/Connection.php(528): Illuminate\\Database\\Connection->getPdo()
#4 /Users/lamnda/Documents/arquitecturaMicroServicios/LumenRatingsApi/vendor/illuminate/database/Connection.php(423): Illuminate\\Database\\Connection->getPdoForSelect(false)
#5 /Users/lamnda/Documents/arquitecturaMicroServicios/LumenRatingsApi/vendor/illuminate/database/Connection.php(816): Illuminate\\Database\\Connection->{closure:Illuminate\\Database\\Connection::select():414}('select name fro...', Array)
#6 /Users/lamnda/Documents/arquitecturaMicroServicios/LumenRatingsApi/vendor/illuminate/database/Connection.php(783): Illuminate\\Database\\Connection->runQueryCallback('select name fro...', Array, Object(Closure))
#7 /Users/lamnda/Documents/arquitecturaMicroServicios/LumenRatingsApi/vendor/illuminate/database/Connection.php(414): Illuminate\\Database\\Connection->run('select name fro...', Array, Object(Closure))
#8 /Users/lamnda/Documents/arquitecturaMicroServicios/LumenRatingsApi/vendor/illuminate/database/Connection.php(401): Illuminate\\Database\\Connection->select('select name fro...', Array, false)
#9 /Users/lamnda/Documents/arquitecturaMicroServicios/LumenRatingsApi/vendor/illuminate/database/Schema/SQLiteBuilder.php(51): Illuminate\\Database\\Connection->selectFromWriteConnection('select name fro...')
#10 /Users/lamnda/Documents/arquitecturaMicroServicios/LumenRatingsApi/vendor/illuminate/database/Schema/Builder.php(165): Illuminate\\Database\\Schema\\SQLiteBuilder->getTables(false)
#11 /Users/lamnda/Documents/arquitecturaMicroServicios/LumenRatingsApi/vendor/illuminate/database/Migrations/DatabaseMigrationRepository.php(184): Illuminate\\Database\\Schema\\Builder->hasTable('migrations')
#12 /Users/lamnda/Documents/arquitecturaMicroServicios/LumenRatingsApi/vendor/illuminate/database/Migrations/Migrator.php(727): Illuminate\\Database\\Migrations\\DatabaseMigrationRepository->repositoryExists()
#13 /Users/lamnda/Documents/arquitecturaMicroServicios/LumenRatingsApi/vendor/illuminate/database/Console/Migrations/MigrateCommand.php(140): Illuminate\\Database\\Migrations\\Migrator->repositoryExists()
#14 /Users/lamnda/Documents/arquitecturaMicroServicios/LumenRatingsApi/vendor/illuminate/support/helpers.php(261): Illuminate\\Database\\Console\\Migrations\\MigrateCommand->{closure:Illuminate\\Database\\Console\\Migrations\\MigrateCommand::repositoryExists():140}(1)
#15 /Users/lamnda/Documents/arquitecturaMicroServicios/LumenRatingsApi/vendor/illuminate/database/Console/Migrations/MigrateCommand.php(140): retry(1, Object(Closure), 0, Object(Closure))
#16 /Users/lamnda/Documents/arquitecturaMicroServicios/LumenRatingsApi/vendor/illuminate/database/Console/Migrations/MigrateCommand.php(116): Illuminate\\Database\\Console\\Migrations\\MigrateCommand->repositoryExists()
#17 /Users/lamnda/Documents/arquitecturaMicroServicios/LumenRatingsApi/vendor/illuminate/database/Console/Migrations/MigrateCommand.php(84): Illuminate\\Database\\Console\\Migrations\\MigrateCommand->prepareDatabase()
#18 /Users/lamnda/Documents/arquitecturaMicroServicios/LumenRatingsApi/vendor/illuminate/database/Migrations/Migrator.php(641): Illuminate\\Database\\Console\\Migrations\\MigrateCommand->{closure:Illuminate\\Database\\Console\\Migrations\\MigrateCommand::handle():83}()
#19 /Users/lamnda/Documents/arquitecturaMicroServicios/LumenRatingsApi/vendor/illuminate/database/Console/Migrations/MigrateCommand.php(83): Illuminate\\Database\\Migrations\\Migrator->usingConnection(NULL, Object(Closure))
#20 /Users/lamnda/Documents/arquitecturaMicroServicios/LumenRatingsApi/vendor/illuminate/container/BoundMethod.php(36): Illuminate\\Database\\Console\\Migrations\\MigrateCommand->handle()
#21 /Users/lamnda/Documents/arquitecturaMicroServicios/LumenRatingsApi/vendor/illuminate/container/Util.php(41): Illuminate\\Container\\BoundMethod::{closure:Illuminate\\Container\\BoundMethod::call():35}()
#22 /Users/lamnda/Documents/arquitecturaMicroServicios/LumenRatingsApi/vendor/illuminate/container/BoundMethod.php(93): Illuminate\\Container\\Util::unwrapIfClosure(Object(Closure))
#23 /Users/lamnda/Documents/arquitecturaMicroServicios/LumenRatingsApi/vendor/illuminate/container/BoundMethod.php(35): Illuminate\\Container\\BoundMethod::callBoundMethod(Object(Laravel\\Lumen\\Application), Array, Object(Closure))
#24 /Users/lamnda/Documents/arquitecturaMicroServicios/LumenRatingsApi/vendor/illuminate/container/Container.php(662): Illuminate\\Container\\BoundMethod::call(Object(Laravel\\Lumen\\Application), Array, Array, NULL)
#25 /Users/lamnda/Documents/arquitecturaMicroServicios/LumenRatingsApi/vendor/illuminate/console/Command.php(211): Illuminate\\Container\\Container->call(Array)
#26 /Users/lamnda/Documents/arquitecturaMicroServicios/LumenRatingsApi/vendor/symfony/console/Command/Command.php(326): Illuminate\\Console\\Command->execute(Object(Symfony\\Component\\Console\\Input\\ArgvInput), Object(Illuminate\\Console\\OutputStyle))
#27 /Users/lamnda/Documents/arquitecturaMicroServicios/LumenRatingsApi/vendor/illuminate/console/Command.php(180): Symfony\\Component\\Console\\Command\\Command->run(Object(Symfony\\Component\\Console\\Input\\ArgvInput), Object(Illuminate\\Console\\OutputStyle))
#28 /Users/lamnda/Documents/arquitecturaMicroServicios/LumenRatingsApi/vendor/symfony/console/Application.php(1083): Illuminate\\Console\\Command->run(Object(Symfony\\Component\\Console\\Input\\ArgvInput), Object(Symfony\\Component\\Console\\Output\\ConsoleOutput))
#29 /Users/lamnda/Documents/arquitecturaMicroServicios/LumenRatingsApi/vendor/symfony/console/Application.php(324): Symfony\\Component\\Console\\Application->doRunCommand(Object(Illuminate\\Database\\Console\\Migrations\\MigrateCommand), Object(Symfony\\Component\\Console\\Input\\ArgvInput), Object(Symfony\\Component\\Console\\Output\\ConsoleOutput))
#30 /Users/lamnda/Documents/arquitecturaMicroServicios/LumenRatingsApi/vendor/symfony/console/Application.php(175): Symfony\\Component\\Console\\Application->doRun(Object(Symfony\\Component\\Console\\Input\\ArgvInput), Object(Symfony\\Component\\Console\\Output\\ConsoleOutput))
#31 /Users/lamnda/Documents/arquitecturaMicroServicios/LumenRatingsApi/vendor/laravel/lumen-framework/src/Console/Kernel.php(160): Symfony\\Component\\Console\\Application->run(Object(Symfony\\Component\\Console\\Input\\ArgvInput), Object(Symfony\\Component\\Console\\Output\\ConsoleOutput))
#32 /Users/lamnda/Documents/arquitecturaMicroServicios/LumenRatingsApi/artisan(35): Laravel\\Lumen\\Console\\Kernel->handle(Object(Symfony\\Component\\Console\\Input\\ArgvInput), Object(Symfony\\Component\\Console\\Output\\ConsoleOutput))
#33 {main}
"} 
[2026-01-13 21:13:34] local.ERROR: Command "tinker" is not defined. {"exception":"[object] (Symfony\\Component\\Console\\Exception\\CommandNotFoundException(code: 0): Command \"tinker\" is not defined. at /Users/lamnda/Documents/arquitecturaMicroServicios/LumenRatingsApi/vendor/symfony/console/Application.php:745)
[stacktrace]
#0 /Users/lamnda/Documents/arquitecturaMicroServicios/LumenRatingsApi/vendor/symfony/console/Application.php(266): Symfony\\Component\\Console\\Application->find('tinker')
#1 /Users/lamnda/Documents/arquitecturaMicroServicios/LumenRatingsApi/vendor/symfony/console/Application.php(175): Symfony\\Component\\Console\\Application->doRun(Object(Symfony\\Component\\Console\\Input\\ArgvInput), Object(Symfony\\Component\\Console\\Output\\ConsoleOutput))
#2 /Users/lamnda/Documents/arquitecturaMicroServicios/LumenRatingsApi/vendor/laravel/lumen-framework/src/Console/Kernel.php(160): Symfony\\Component\\Console\\Application->run(Object(Symfony\\Component\\Console\\Input\\ArgvInput), Object(Symfony\\Component\\Console\\Output\\ConsoleOutput))
#3 /Users/lamnda/Documents/arquitecturaMicroServicios/LumenRatingsApi/artisan(35): Laravel\\Lumen\\Console\\Kernel->handle(Object(Symfony\\Component\\Console\\Input\\ArgvInput), Object(Symfony\\Component\\Console\\Output\\ConsoleOutput))
#4 {main}
"} 
